[debug] [2019-11-15T18:04:34.934Z] ----------------------------------------------------------------------
[debug] [2019-11-15T18:04:34.936Z] Command:       /Users/catalina/.nvm/versions/node/v10.16.1/bin/node /Users/catalina/.nvm/versions/node/v10.16.1/bin/firebase init
[debug] [2019-11-15T18:04:34.937Z] CLI Version:   7.7.0
[debug] [2019-11-15T18:04:34.937Z] Platform:      darwin
[debug] [2019-11-15T18:04:34.937Z] Node Version:  v10.16.1
[debug] [2019-11-15T18:04:34.938Z] Time:          Fri Nov 15 2019 13:04:34 GMT-0500 (Eastern Standard Time)
[debug] [2019-11-15T18:04:34.938Z] ----------------------------------------------------------------------
[debug] [2019-11-15T18:04:34.938Z] 
[debug] [2019-11-15T18:04:34.954Z] > command requires scopes: ["email","openid","https://www.googleapis.com/auth/cloudplatformprojects.readonly","https://www.googleapis.com/auth/firebase","https://www.googleapis.com/auth/cloud-platform"]
[debug] [2019-11-15T18:04:34.955Z] > authorizing via signed-in user
[info] 
     ######## #### ########  ######## ########     ###     ######  ########
     ##        ##  ##     ## ##       ##     ##  ##   ##  ##       ##
     ######    ##  ########  ######   ########  #########  ######  ######
     ##        ##  ##    ##  ##       ##     ## ##     ##       ## ##
     ##       #### ##     ## ######## ########  ##     ##  ######  ########

You're about to initialize a Firebase project in this directory:

  /Users/catalina/Documents/IOS/Swap!

[info] 
=== Project Setup
[info] 
[info] First, let's associate this project directory with a Firebase project.
[info] You can create multiple project aliases by running firebase use --add, 
[info] but for now we'll just set up a default project.
[info] 
[debug] [2019-11-15T18:04:45.036Z] > refreshing access token with scopes: ["email","https://www.googleapis.com/auth/cloud-platform","https://www.googleapis.com/auth/cloudplatformprojects.readonly","https://www.googleapis.com/auth/firebase","openid"]
[debug] [2019-11-15T18:04:45.036Z] >>> HTTP REQUEST POST https://www.googleapis.com/oauth2/v3/token  
 <request body omitted>
[debug] [2019-11-15T18:04:45.154Z] Authentication Error: Your credentials are no longer valid. Please run firebase login --reauth

For CI servers and headless environments, generate a new token with firebase login:ci
[debug] [2019-11-15T18:04:45.278Z] FirebaseError: Authentication Error: Your credentials are no longer valid. Please run firebase login --reauth

For CI servers and headless environments, generate a new token with firebase login:ci
    at Object.<anonymous> (/Users/catalina/.nvm/versions/node/v10.16.1/lib/node_modules/firebase-tools/lib/auth.js:23:32)
    at Module._compile (internal/modules/cjs/loader.js:778:30)
    at Object.Module._extensions..js (internal/modules/cjs/loader.js:789:10)
    at Module.load (internal/modules/cjs/loader.js:653:32)
    at tryModuleLoad (internal/modules/cjs/loader.js:593:12)
    at Function.Module._load (internal/modules/cjs/loader.js:585:3)
    at Module.require (internal/modules/cjs/loader.js:692:17)
    at require (internal/modules/cjs/helpers.js:25:18)
    at Object.<anonymous> (/Users/catalina/.nvm/versions/node/v10.16.1/lib/node_modules/firebase-tools/lib/commands/login.js:8:12)
    at Module._compile (internal/modules/cjs/loader.js:778:30)
[error] 
[error] Error: Failed to list Firebase projects. See firebase-debug.log for more info.
